<?xml version="1.0" encoding="UTF-8"?>
<!-- Generated by org.testng.reporters.JUnitReportReporter -->
<testsuite skipped="0" hostname="NSSSKKISHORE-PC" name="Oenbrowser.Execution" tests="1" failures="0" timestamp="29 Mar 2018 08:46:26 GMT" time="15.500" errors="0">
  <testcase name="open" time="15.500" classname="Oenbrowser.Execution"/>
</testsuite> <!-- Oenbrowser.Execution -->
