<?xml version="1.0" encoding="UTF-8"?>
<!-- Generated by org.testng.reporters.JUnitReportReporter -->
<testsuite skipped="0" hostname="DELL-PC" name="Execute.Executionreadexcel" tests="1" failures="0" timestamp="05 Apr 2018 10:28:20 GMT" time="19.170" errors="0">
  <testcase name="perform" time="19.170" classname="Execute.Executionreadexcel"/>
</testsuite> <!-- Execute.Executionreadexcel -->
