<?xml version="1.0" encoding="UTF-8"?>
<!-- Generated by org.testng.reporters.JUnitReportReporter -->
<testsuite skipped="0" hostname="NSSSKKISHORE-PC" name="Execution1.Execute" tests="1" failures="0" timestamp="02 Apr 2018 07:46:29 GMT" time="37.950" errors="0">
  <testcase name="test" time="37.950" classname="Execution1.Execute"/>
</testsuite> <!-- Execution1.Execute -->
